<?xml version="1.0" encoding="UTF-8"?>
<!-- Generated by org.testng.reporters.JUnitReportReporter -->
<testsuite skipped="0" hostname="HVDIVD27GA41104" name="datadriven.reusablecode" tests="1" failures="0" timestamp="24 Jun 2019 23:29:34 GMT" time="3.303" errors="0">
  <testcase name="Login" time="3.303" classname="datadriven.reusablecode"/>
</testsuite> <!-- datadriven.reusablecode -->
