<?xml version="1.0" encoding="UTF-8"?>
<!-- Generated by org.testng.reporters.JUnitReportReporter -->
<testsuite skipped="0" hostname="HVDIVD27GA41104" name="datadriven.inheritedclass" tests="2" failures="0" timestamp="24 Jun 2019 23:37:15 GMT" time="5.824" errors="0">
  <testcase name="userid" time="3.301" classname="datadriven.inheritedclass"/>
  <testcase name="Login" time="2.523" classname="datadriven.inheritedclass"/>
</testsuite> <!-- datadriven.inheritedclass -->
